<?xml version="1.0" encoding="UTF-8"?>
<testsuite name="com.glauber.voting.infrastructure.MeetingVoteApplicationTests" tests="1" skipped="0" failures="0" errors="0" timestamp="2026-05-30T03:16:37" hostname="lost-lake-v5490" time="0.086">
  <properties/>
  <testcase name="contextLoads()" classname="com.glauber.voting.infrastructure.MeetingVoteApplicationTests" time="0.086"/>
  <system-out><![CDATA[00:16:33.554 [Test worker] DEBUG org.springframework.test.context.BootstrapUtils - Instantiating CacheAwareContextLoaderDelegate from class [org.springframework.test.context.cache.DefaultCacheAwareContextLoaderDelegate]
00:16:33.564 [Test worker] DEBUG org.springframework.test.context.BootstrapUtils - Instantiating BootstrapContext using constructor [public org.springframework.test.context.support.DefaultBootstrapContext(java.lang.Class,org.springframework.test.context.CacheAwareContextLoaderDelegate)]
00:16:33.597 [Test worker] DEBUG org.springframework.test.context.BootstrapUtils - Instantiating TestContextBootstrapper for test class [com.glauber.voting.infrastructure.MeetingVoteApplicationTests] from class [org.springframework.boot.test.context.SpringBootTestContextBootstrapper]
00:16:33.605 [Test worker] INFO org.springframework.boot.test.context.SpringBootTestContextBootstrapper - Neither @ContextConfiguration nor @ContextHierarchy found for test class [com.glauber.voting.infrastructure.MeetingVoteApplicationTests], using SpringBootContextLoader
00:16:33.608 [Test worker] DEBUG org.springframework.test.context.support.AbstractContextLoader - Did not detect default resource location for test class [com.glauber.voting.infrastructure.MeetingVoteApplicationTests]: class path resource [com/glauber/voting/infrastructure/MeetingVoteApplicationTests-context.xml] does not exist
00:16:33.608 [Test worker] DEBUG org.springframework.test.context.support.AbstractContextLoader - Did not detect default resource location for test class [com.glauber.voting.infrastructure.MeetingVoteApplicationTests]: class path resource [com/glauber/voting/infrastructure/MeetingVoteApplicationTestsContext.groovy] does not exist
00:16:33.608 [Test worker] INFO org.springframework.test.context.support.AbstractContextLoader - Could not detect default resource locations for test class [com.glauber.voting.infrastructure.MeetingVoteApplicationTests]: no resource found for suffixes {-context.xml, Context.groovy}.
00:16:33.608 [Test worker] INFO org.springframework.test.context.support.AnnotationConfigContextLoaderUtils - Could not detect default configuration classes for test class [com.glauber.voting.infrastructure.MeetingVoteApplicationTests]: MeetingVoteApplicationTests does not declare any static, non-private, non-final, nested classes annotated with @Configuration.
00:16:33.680 [Test worker] DEBUG org.springframework.context.annotation.ClassPathScanningCandidateComponentProvider - Identified candidate component class: file [/work/projects/meeting-vote/infrastructure/build/classes/java/main/com/glauber/voting/infrastructure/MeetingVoteApplication.class]
00:16:33.680 [Test worker] INFO org.springframework.boot.test.context.SpringBootTestContextBootstrapper - Found @SpringBootConfiguration com.glauber.voting.infrastructure.MeetingVoteApplication for test class com.glauber.voting.infrastructure.MeetingVoteApplicationTests
00:16:33.741 [Test worker] DEBUG org.springframework.boot.test.context.SpringBootTestContextBootstrapper - @TestExecutionListeners is not present for class [com.glauber.voting.infrastructure.MeetingVoteApplicationTests]: using defaults.
00:16:33.741 [Test worker] INFO org.springframework.boot.test.context.SpringBootTestContextBootstrapper - Loaded default TestExecutionListener class names from location [META-INF/spring.factories]: [org.springframework.boot.test.autoconfigure.restdocs.RestDocsTestExecutionListener, org.springframework.boot.test.autoconfigure.web.client.MockRestServiceServerResetTestExecutionListener, org.springframework.boot.test.autoconfigure.web.servlet.MockMvcPrintOnlyOnFailureTestExecutionListener, org.springframework.boot.test.autoconfigure.web.servlet.WebDriverTestExecutionListener, org.springframework.boot.test.autoconfigure.webservices.client.MockWebServiceServerTestExecutionListener, org.springframework.boot.test.mock.mockito.MockitoTestExecutionListener, org.springframework.boot.test.mock.mockito.ResetMocksTestExecutionListener, org.springframework.test.context.web.ServletTestExecutionListener, org.springframework.test.context.support.DirtiesContextBeforeModesTestExecutionListener, org.springframework.test.context.event.ApplicationEventsTestExecutionListener, org.springframework.test.context.support.DependencyInjectionTestExecutionListener, org.springframework.test.context.support.DirtiesContextTestExecutionListener, org.springframework.test.context.transaction.TransactionalTestExecutionListener, org.springframework.test.context.jdbc.SqlScriptsTestExecutionListener, org.springframework.test.context.event.EventPublishingTestExecutionListener]
00:16:33.753 [Test worker] INFO org.springframework.boot.test.context.SpringBootTestContextBootstrapper - Using TestExecutionListeners: [org.springframework.test.context.web.ServletTestExecutionListener@7e3f95fe, org.springframework.test.context.support.DirtiesContextBeforeModesTestExecutionListener@34625ccd, org.springframework.test.context.event.ApplicationEventsTestExecutionListener@2c7d121c, org.springframework.boot.test.mock.mockito.MockitoTestExecutionListener@65aa6596, org.springframework.boot.test.autoconfigure.SpringBootDependencyInjectionTestExecutionListener@67389cb8, org.springframework.test.context.support.DirtiesContextTestExecutionListener@419a20a6, org.springframework.test.context.transaction.TransactionalTestExecutionListener@533377b, org.springframework.test.context.jdbc.SqlScriptsTestExecutionListener@3383649e, org.springframework.test.context.event.EventPublishingTestExecutionListener@10fde30a, org.springframework.boot.test.autoconfigure.restdocs.RestDocsTestExecutionListener@f27ea3, org.springframework.boot.test.autoconfigure.web.client.MockRestServiceServerResetTestExecutionListener@1ce61929, org.springframework.boot.test.autoconfigure.web.servlet.MockMvcPrintOnlyOnFailureTestExecutionListener@346939bf, org.springframework.boot.test.autoconfigure.web.servlet.WebDriverTestExecutionListener@4bf3798b, org.springframework.boot.test.autoconfigure.webservices.client.MockWebServiceServerTestExecutionListener@58670130, org.springframework.boot.test.mock.mockito.ResetMocksTestExecutionListener@74e47444]
00:16:33.756 [Test worker] DEBUG org.springframework.test.context.support.AbstractDirtiesContextTestExecutionListener - Before test class: context [DefaultTestContext@5be067de testClass = MeetingVoteApplicationTests, testInstance = [null], testMethod = [null], testException = [null], mergedContextConfiguration = [WebMergedContextConfiguration@7383eae2 testClass = MeetingVoteApplicationTests, locations = '{}', classes = '{class com.glauber.voting.infrastructure.MeetingVoteApplication}', contextInitializerClasses = '[]', activeProfiles = '{test}', propertySourceLocations = '{}', propertySourceProperties = '{org.springframework.boot.test.context.SpringBootTestContextBootstrapper=true}', contextCustomizers = set[org.springframework.boot.test.autoconfigure.actuate.metrics.MetricsExportContextCustomizerFactory$DisableMetricExportContextCustomizer@7a1234bf, org.springframework.boot.test.autoconfigure.properties.PropertyMappingContextCustomizer@0, org.springframework.boot.test.autoconfigure.web.servlet.WebDriverContextCustomizerFactory$Customizer@65a15628, org.springframework.boot.test.context.filter.ExcludeFilterContextCustomizer@7e4204e2, org.springframework.boot.test.json.DuplicateJsonObjectContextCustomizerFactory$DuplicateJsonObjectContextCustomizer@1b955cac, org.springframework.boot.test.mock.mockito.MockitoContextCustomizer@0, org.springframework.boot.test.web.client.TestRestTemplateContextCustomizer@bcef303, org.springframework.boot.test.context.SpringBootTestArgs@1, org.springframework.boot.test.context.SpringBootTestWebEnvironment@3738449f], resourceBasePath = 'src/main/webapp', contextLoader = 'org.springframework.boot.test.context.SpringBootContextLoader', parent = [null]], attributes = map['org.springframework.test.context.web.ServletTestExecutionListener.activateListener' -> true]], class annotated with @DirtiesContext [false] with mode [null].

  .   ____          _            __ _ _
 /\\ / ___'_ __ _ _(_)_ __  __ _ \ \ \ \
( ( )\___ | '_ | '_| | '_ \/ _` | \ \ \ \
 \\/  ___)| |_)| | | | | || (_| |  ) ) ) )
  '  |____| .__|_| |_|_| |_\__, | / / / /
 =========|_|==============|___/=/_/_/_/
 :: Spring Boot ::               (v2.7.18)

2026-05-30 00:16:34.050  INFO 41403 --- [    Test worker] c.g.v.i.MeetingVoteApplicationTests      : Starting MeetingVoteApplicationTests using Java 21.0.11 on lost-lake-v5490 with PID 41403 (started by glauber in /work/projects/meeting-vote/infrastructure)
2026-05-30 00:16:34.052  INFO 41403 --- [    Test worker] c.g.v.i.MeetingVoteApplicationTests      : The following 1 profile is active: "test"
2026-05-30 00:16:34.898  INFO 41403 --- [    Test worker] .s.d.r.c.RepositoryConfigurationDelegate : Bootstrapping Spring Data JPA repositories in DEFAULT mode.
2026-05-30 00:16:34.907  INFO 41403 --- [    Test worker] .s.d.r.c.RepositoryConfigurationDelegate : Finished Spring Data repository scanning in 4 ms. Found 0 JPA repository interfaces.
2026-05-30 00:16:35.386  INFO 41403 --- [    Test worker] o.hibernate.jpa.internal.util.LogHelper  : HHH000204: Processing PersistenceUnitInfo [name: default]
2026-05-30 00:16:35.426  INFO 41403 --- [    Test worker] org.hibernate.Version                    : HHH000412: Hibernate ORM core version 5.6.15.Final
2026-05-30 00:16:35.531  INFO 41403 --- [    Test worker] o.hibernate.annotations.common.Version   : HCANN000001: Hibernate Commons Annotations {5.1.2.Final}
2026-05-30 00:16:35.623  INFO 41403 --- [    Test worker] com.zaxxer.hikari.HikariDataSource       : HikariPool-1 - Starting...
2026-05-30 00:16:35.766  INFO 41403 --- [    Test worker] com.zaxxer.hikari.HikariDataSource       : HikariPool-1 - Start completed.
2026-05-30 00:16:35.777  INFO 41403 --- [    Test worker] org.hibernate.dialect.Dialect            : HHH000400: Using dialect: org.hibernate.dialect.H2Dialect
2026-05-30 00:16:35.902  INFO 41403 --- [    Test worker] o.h.e.t.j.p.i.JtaPlatformInitiator       : HHH000490: Using JtaPlatform implementation: [org.hibernate.engine.transaction.jta.platform.internal.NoJtaPlatform]
2026-05-30 00:16:35.912  INFO 41403 --- [    Test worker] j.LocalContainerEntityManagerFactoryBean : Initialized JPA EntityManagerFactory for persistence unit 'default'
2026-05-30 00:16:36.096  WARN 41403 --- [    Test worker] JpaBaseConfiguration$JpaWebConfiguration : spring.jpa.open-in-view is enabled by default. Therefore, database queries may be performed during view rendering. Explicitly configure spring.jpa.open-in-view to disable this warning
2026-05-30 00:16:36.920  INFO 41403 --- [    Test worker] o.s.b.a.e.web.EndpointLinksResolver      : Exposing 1 endpoint(s) beneath base path '/actuator'
2026-05-30 00:16:36.970  INFO 41403 --- [    Test worker] c.g.v.i.MeetingVoteApplicationTests      : Started MeetingVoteApplicationTests in 3.186 seconds (JVM running for 4.048)
]]></system-out>
  <system-err><![CDATA[]]></system-err>
</testsuite>
